<?xml version="1.0" encoding="UTF-8"?>
<testsuite name="Test" tests="1" skipped="0" failures="1" errors="0" timestamp="2023-04-04T11:03:24" hostname="WUYERN" time="0.391">
  <properties/>
  <testcase name="start" classname="Test" time="0.391">
    <failure message="java.lang.AssertionError: Exception in test #3&#10;&#10;java.util.EmptyStackException&#10;&#9;at java.base/java.util.Stack.peek(Stack.java:101)&#10;&#9;at calculator.Input$Instance.infixToPostfix(Input.kt:102)&#10;&#9;at calculator.Calculator.handleExpression(Calculator.kt:15)&#10;&#9;at calculator.Controller.start(Controller.kt:20)&#10;&#9;at calculator.MainKt.main(Main.kt:7)&#10;&#9;at calculator.MainKt.main(Main.kt)&#10;&#10;Please find below the output of your program during this failed test.&#10;Note that the '&gt;' character indicates the beginning of the input line.&#10;&#10;---&#10;&#10;&gt; 7 + 3 * ((4 + 3) * 7 + 1) - 6 / (2 + 1)" type="java.lang.AssertionError">java.lang.AssertionError: Exception in test #3

java.util.EmptyStackException
	at java.base/java.util.Stack.peek(Stack.java:101)
	at calculator.Input$Instance.infixToPostfix(Input.kt:102)
	at calculator.Calculator.handleExpression(Calculator.kt:15)
	at calculator.Controller.start(Controller.kt:20)
	at calculator.MainKt.main(Main.kt:7)
	at calculator.MainKt.main(Main.kt)

Please find below the output of your program during this failed test.
Note that the '&gt;' character indicates the beginning of the input line.

---

&gt; 7 + 3 * ((4 + 3) * 7 + 1) - 6 / (2 + 1)
	at org.junit.Assert.fail(Assert.java:89)
	at org.hyperskill.hstest.stage.StageTest.start(StageTest.java:203)
	at java.base/jdk.internal.reflect.NativeMethodAccessorImpl.invoke0(Native Method)
	at java.base/jdk.internal.reflect.NativeMethodAccessorImpl.invoke(NativeMethodAccessorImpl.java:77)
	at java.base/jdk.internal.reflect.DelegatingMethodAccessorImpl.invoke(DelegatingMethodAccessorImpl.java:43)
	at java.base/java.lang.reflect.Method.invoke(Method.java:568)
	at org.junit.runners.model.FrameworkMethod$1.runReflectiveCall(FrameworkMethod.java:59)
	at org.junit.internal.runners.model.ReflectiveCallable.run(ReflectiveCallable.java:12)
	at org.junit.runners.model.FrameworkMethod.invokeExplosively(FrameworkMethod.java:56)
	at org.junit.internal.runners.statements.InvokeMethod.evaluate(InvokeMethod.java:17)
	at org.junit.runners.ParentRunner$3.evaluate(ParentRunner.java:306)
	at org.junit.runners.BlockJUnit4ClassRunner$1.evaluate(BlockJUnit4ClassRunner.java:100)
	at org.junit.runners.ParentRunner.runLeaf(ParentRunner.java:366)
	at org.junit.runners.BlockJUnit4ClassRunner.runChild(BlockJUnit4ClassRunner.java:103)
	at org.junit.runners.BlockJUnit4ClassRunner.runChild(BlockJUnit4ClassRunner.java:63)
	at org.junit.runners.ParentRunner$4.run(ParentRunner.java:331)
	at org.junit.runners.ParentRunner$1.schedule(ParentRunner.java:79)
	at org.junit.runners.ParentRunner.runChildren(ParentRunner.java:329)
	at org.junit.runners.ParentRunner.access$100(ParentRunner.java:66)
	at org.junit.runners.ParentRunner$2.evaluate(ParentRunner.java:293)
	at org.junit.runners.ParentRunner$3.evaluate(ParentRunner.java:306)
	at org.junit.runners.ParentRunner.run(ParentRunner.java:413)
	at org.gradle.api.internal.tasks.testing.junit.JUnitTestClassExecutor.runTestClass(JUnitTestClassExecutor.java:110)
	at org.gradle.api.internal.tasks.testing.junit.JUnitTestClassExecutor.execute(JUnitTestClassExecutor.java:58)
	at org.gradle.api.internal.tasks.testing.junit.JUnitTestClassExecutor.execute(JUnitTestClassExecutor.java:38)
	at org.gradle.api.internal.tasks.testing.junit.AbstractJUnitTestClassProcessor.processTestClass(AbstractJUnitTestClassProcessor.java:62)
	at org.gradle.api.internal.tasks.testing.SuiteTestClassProcessor.processTestClass(SuiteTestClassProcessor.java:51)
	at java.base/jdk.internal.reflect.NativeMethodAccessorImpl.invoke0(Native Method)
	at java.base/jdk.internal.reflect.NativeMethodAccessorImpl.invoke(NativeMethodAccessorImpl.java:77)
	at java.base/jdk.internal.reflect.DelegatingMethodAccessorImpl.invoke(DelegatingMethodAccessorImpl.java:43)
	at java.base/java.lang.reflect.Method.invoke(Method.java:568)
	at org.gradle.internal.dispatch.ReflectionDispatch.dispatch(ReflectionDispatch.java:36)
	at org.gradle.internal.dispatch.ReflectionDispatch.dispatch(ReflectionDispatch.java:24)
	at org.gradle.internal.dispatch.ContextClassLoaderDispatch.dispatch(ContextClassLoaderDispatch.java:33)
	at org.gradle.internal.dispatch.ProxyDispatchAdapter$DispatchingInvocationHandler.invoke(ProxyDispatchAdapter.java:94)
	at jdk.proxy1/jdk.proxy1.$Proxy2.processTestClass(Unknown Source)
	at org.gradle.api.internal.tasks.testing.worker.TestWorker$2.run(TestWorker.java:176)
	at org.gradle.api.internal.tasks.testing.worker.TestWorker.executeAndMaintainThreadName(TestWorker.java:129)
	at org.gradle.api.internal.tasks.testing.worker.TestWorker.execute(TestWorker.java:100)
	at org.gradle.api.internal.tasks.testing.worker.TestWorker.execute(TestWorker.java:60)
	at org.gradle.process.internal.worker.child.ActionExecutionWorker.execute(ActionExecutionWorker.java:56)
	at org.gradle.process.internal.worker.child.SystemApplicationClassLoaderWorker.call(SystemApplicationClassLoaderWorker.java:133)
	at org.gradle.process.internal.worker.child.SystemApplicationClassLoaderWorker.call(SystemApplicationClassLoaderWorker.java:71)
	at worker.org.gradle.process.internal.worker.GradleWorkerMain.run(GradleWorkerMain.java:69)
	at worker.org.gradle.process.internal.worker.GradleWorkerMain.main(GradleWorkerMain.java:74)
</failure>
  </testcase>
  <system-out><![CDATA[?[1;31m
Start test 1?[0m
> /help
The program calculates the sum of numbers
> 
> n = -32
> 33 + 20 + 11 + 49 - 32 - 9 + 1 - 80 + 4
-3
> 33 + 20 + 11 + 49 + n - 9 + 1 - 80 + 4
-3
> c = n 
> c = -2
>   c   
-2
> 11 - 9 + c
0
> 5 --- 2 ++++++ 4 -- 2 ---- 1
10
> /start
Unknown Command
> var1 = 1
Invalid identifier
> var = 2a
Invalid assignment
> c = 7 - 1 = 5
Invalid assignment
> variable = f
Unknown variable
> variable = 777
> Variable
Unknown variable
> /exit
Bye!
?[1;31m
Start test 2?[0m
> 4 * 3
12
> 91 / 13
7
>  a= 7 
>  b =2
> a * 4 / b - (3 - 1)
12
> /exit
Bye!
?[1;31m
Start test 3?[0m
> 7 + 3 * ((4 + 3) * 7 + 1) - 6 / (2 + 1)
]]></system-out>
  <system-err><![CDATA[]]></system-err>
</testsuite>
